<?xml version="1.0" encoding="UTF-8"?>
<!-- Generated by org.testng.reporters.JUnitReportReporter -->
<testsuite hostname="LAPTOP-LEC46EMO" failures="0" tests="3" name="com.runner.TestNGRunner" time="27.513" errors="0" timestamp="2025-04-08T23:40:56 IST" skipped="0">
  <testcase classname="com.runner.TestNGRunner" name="runScenario" time="6.101"/>
  <testcase classname="com.runner.TestNGRunner" name="runScenario" time="12.351"/>
  <testcase classname="com.runner.TestNGRunner" name="runScenario" time="9.061"/>
</testsuite> <!-- com.runner.TestNGRunner -->
