<?xml version="1.0" encoding="UTF-8"?>
<!-- Generated by org.testng.reporters.JUnitReportReporter -->
<testsuite hostname="LAPTOP-LEC46EMO" failures="0" tests="4" name="com.runner.TestNGRunner" time="41.918" errors="0" timestamp="2025-04-07T22:18:19 IST" skipped="0">
  <testcase classname="com.runner.TestNGRunner" name="runScenario" time="5.875"/>
  <testcase classname="com.runner.TestNGRunner" name="runScenario" time="7.814"/>
  <testcase classname="com.runner.TestNGRunner" name="runScenario" time="12.372"/>
  <testcase classname="com.runner.TestNGRunner" name="runScenario" time="15.857"/>
</testsuite> <!-- com.runner.TestNGRunner -->
